In Data portion of promise
tests old way print out
https://app.testim.io/#/project/yUHggaUM53fuXM0PejOu/branch/master/automate/test/05vnUYBnKW1ilIz3
https://app.testim.io/#/project/yUHggaUM53fuXM0PejOu/branch/master/automate/test/patD5u1Q5rY3SNuu
https://app.testim.io/#/project/yUHggaUM53fuXM0PejOu/branch/master/automate/test/gDU7EdDMwzbDvNPg
https://app.testim.io/#/project/yUHggaUM53fuXM0PejOu/branch/master/automate/test/YOHgGP1oGHpMOLll
https://app.testim.io/#/project/yUHggaUM53fuXM0PejOu/branch/master/automate/test/dHj0P6lxkBCa0MtL
https://app.testim.io/#/project/yUHggaUM53fuXM0PejOu/branch/master/automate/test/6FIqB3dk5gw48zuw
https://app.testim.io/#/project/yUHggaUM53fuXM0PejOu/branch/master/automate/test/bGB9zQTjsCG1Cece
https://app.testim.io/#/project/yUHggaUM53fuXM0PejOu/branch/master/automate/test/C3za9jbS89L7HYyM
https://app.testim.io/#/project/yUHggaUM53fuXM0PejOu/branch/master/automate/test/RnfcPW4zOWJVAOiJ
https://app.testim.io/#/project/yUHggaUM53fuXM0PejOu/branch/master/automate/test/nxQfabz1G6UjvhtQ
https://app.testim.io/#/project/yUHggaUM53fuXM0PejOu/branch/master/automate/test/cYntb5dIzPlYBzPc
https://app.testim.io/#/project/yUHggaUM53fuXM0PejOu/branch/master/automate/test/xIlT1dqNNnSQSx0z
https://app.testim.io/#/project/yUHggaUM53fuXM0PejOu/branch/master/automate/test/kurmH9Ee7AtsX5QQ
https://app.testim.io/#/project/yUHggaUM53fuXM0PejOu/branch/master/automate/test/iqV61aWNKoVuYsRV
https://app.testim.io/#/project/yUHggaUM53fuXM0PejOu/branch/master/automate/test/dRjPanNvcaIDJVdF
https://app.testim.io/#/project/yUHggaUM53fuXM0PejOu/branch/master/automate/test/bHRcywfuGJtsjb7b
https://app.testim.io/#/project/yUHggaUM53fuXM0PejOu/branch/master/automate/test/DwAaQT8yKHGIzVZS
https://app.testim.io/#/project/yUHggaUM53fuXM0PejOu/branch/master/automate/test/YlJGXvHxON3gBiTM
https://app.testim.io/#/project/yUHggaUM53fuXM0PejOu/branch/master/automate/test/kYo8hygQYTZCFNvz
https://app.testim.io/#/project/yUHggaUM53fuXM0PejOu/branch/master/automate/test/YXQQR4zEgkDmwM4V
https://app.testim.io/#/project/yUHggaUM53fuXM0PejOu/branch/master/automate/test/QsNKFrxXN6ZSqM4q
https://app.testim.io/#/project/yUHggaUM53fuXM0PejOu/branch/master/automate/test/Oqe8rNXmNk2TLUrP
https://app.testim.io/#/project/yUHggaUM53fuXM0PejOu/branch/master/automate/test/nbu2uvUWn5eS72Rj
https://app.testim.io/#/project/yUHggaUM53fuXM0PejOu/branch/master/automate/test/ToPNnwbAIwm0xB1k
https://app.testim.io/#/project/yUHggaUM53fuXM0PejOu/branch/master/automate/test/6mhkNSak2xWcBeuS
https://app.testim.io/#/project/yUHggaUM53fuXM0PejOu/branch/master/automate/test/llIbiotjHdBsa6ja
https://app.testim.io/#/project/yUHggaUM53fuXM0PejOu/branch/master/automate/test/mE55PsqvbuzJD5dm
https://app.testim.io/#/project/yUHggaUM53fuXM0PejOu/branch/master/automate/test/QFhyOnF7C6tnlFS1
https://app.testim.io/#/project/yUHggaUM53fuXM0PejOu/branch/master/automate/test/wgdJg1pOnM5TpJzr
https://app.testim.io/#/project/yUHggaUM53fuXM0PejOu/branch/master/automate/test/l2Irvs9kpI6Mw4n5
https://app.testim.io/#/project/yUHggaUM53fuXM0PejOu/branch/master/automate/test/KNUAb2czhtOJ1uqM
https://app.testim.io/#/project/yUHggaUM53fuXM0PejOu/branch/master/automate/test/0brAePyE4zPh4ZBz
https://app.testim.io/#/project/yUHggaUM53fuXM0PejOu/branch/master/automate/test/M6EdSDWrdRPheTF4
https://app.testim.io/#/project/yUHggaUM53fuXM0PejOu/branch/master/automate/test/DeESoUh6cpxPTAmh
https://app.testim.io/#/project/yUHggaUM53fuXM0PejOu/branch/master/automate/test/DxY6OJbBdIJBoKuZ
https://app.testim.io/#/project/yUHggaUM53fuXM0PejOu/branch/master/automate/test/SJRRN5gbXLnObkZ6
https://app.testim.io/#/project/yUHggaUM53fuXM0PejOu/branch/master/automate/test/lKYcdtEDdJhrKEHB
https://app.testim.io/#/project/yUHggaUM53fuXM0PejOu/branch/master/automate/test/DOjFKOkhIksguQpF
https://app.testim.io/#/project/yUHggaUM53fuXM0PejOu/branch/master/automate/test/voh6dsnKlFnDStwN
https://app.testim.io/#/project/yUHggaUM53fuXM0PejOu/branch/master/automate/test/9zOnRQCUBFX0cp8I
https://app.testim.io/#/project/yUHggaUM53fuXM0PejOu/branch/master/automate/test/qbmNgPpJGC6PrgTD
https://app.testim.io/#/project/yUHggaUM53fuXM0PejOu/branch/master/automate/test/RuGCImwFSKe0UQvu
https://app.testim.io/#/project/yUHggaUM53fuXM0PejOu/branch/master/automate/test/U7D74pAFNWJCFFh7
https://app.testim.io/#/project/yUHggaUM53fuXM0PejOu/branch/master/automate/test/cNSOxqlvm7EiPEe2
https://app.testim.io/#/project/yUHggaUM53fuXM0PejOu/branch/master/automate/test/k1hHciFZ68cZSeS6
https://app.testim.io/#/project/yUHggaUM53fuXM0PejOu/branch/master/automate/test/MbdEQoS0NJRrmsrb
https://app.testim.io/#/project/yUHggaUM53fuXM0PejOu/branch/master/automate/test/itqYi9PyszR8OhXn
https://app.testim.io/#/project/yUHggaUM53fuXM0PejOu/branch/master/automate/test/SYeFAaERAvOAqn5M
https://app.testim.io/#/project/yUHggaUM53fuXM0PejOu/branch/master/automate/test/RJYQzOzYP3cJNmJ2
https://app.testim.io/#/project/yUHggaUM53fuXM0PejOu/branch/master/automate/test/IWPLwluSNmwEkXgo
https://app.testim.io/#/project/yUHggaUM53fuXM0PejOu/branch/master/automate/test/aK1FqgJM7xXBFM9g
https://app.testim.io/#/project/yUHggaUM53fuXM0PejOu/branch/master/automate/test/2DMFqw6aQDD56tm1
https://app.testim.io/#/project/yUHggaUM53fuXM0PejOu/branch/master/automate/test/325AGt67CMpPiLvm
https://app.testim.io/#/project/yUHggaUM53fuXM0PejOu/branch/master/automate/test/MQYxXuPXu3nK79al
https://app.testim.io/#/project/yUHggaUM53fuXM0PejOu/branch/master/automate/test/DowziM2DNZK5m792
https://app.testim.io/#/project/yUHggaUM53fuXM0PejOu/branch/master/automate/test/SLzorl0WBPmFGe9I
https://app.testim.io/#/project/yUHggaUM53fuXM0PejOu/branch/master/automate/test/BdqyCclVYJVTqks5
https://app.testim.io/#/project/yUHggaUM53fuXM0PejOu/branch/master/automate/test/N814pTwdqwwqF0oy
https://app.testim.io/#/project/yUHggaUM53fuXM0PejOu/branch/master/automate/test/IhUnijPhLHYEf51G
https://app.testim.io/#/project/yUHggaUM53fuXM0PejOu/branch/master/automate/test/6Jx1AHjbxyDV3xUY
https://app.testim.io/#/project/yUHggaUM53fuXM0PejOu/branch/master/automate/test/PvkYRqPIsO8f7WBV
https://app.testim.io/#/project/yUHggaUM53fuXM0PejOu/branch/master/automate/test/NaxbyId43KTiaUK0
https://app.testim.io/#/project/yUHggaUM53fuXM0PejOu/branch/master/automate/test/dcgE2mEQFm9HVk4B
https://app.testim.io/#/project/yUHggaUM53fuXM0PejOu/branch/master/automate/test/E6R5sudDMyLxIZQG
https://app.testim.io/#/project/yUHggaUM53fuXM0PejOu/branch/master/automate/test/09IKVlctV63v9NEl
https://app.testim.io/#/project/yUHggaUM53fuXM0PejOu/branch/master/automate/test/dd0DRWMnTzQocMmI
https://app.testim.io/#/project/yUHggaUM53fuXM0PejOu/branch/master/automate/test/HLly2lY2ywwh6lea
https://app.testim.io/#/project/yUHggaUM53fuXM0PejOu/branch/master/automate/test/Q3VCfNVHpnOWWEGG
https://app.testim.io/#/project/yUHggaUM53fuXM0PejOu/branch/master/automate/test/A2jAMdrFpvja9DTh
https://app.testim.io/#/project/yUHggaUM53fuXM0PejOu/branch/master/automate/test/DKmSPu8e30CHBOXE
https://app.testim.io/#/project/yUHggaUM53fuXM0PejOu/branch/master/automate/test/DsvQ5AuxYUm3esdN
https://app.testim.io/#/project/yUHggaUM53fuXM0PejOu/branch/master/automate/test/DZnpEqUIMjt51jxK
https://app.testim.io/#/project/yUHggaUM53fuXM0PejOu/branch/master/automate/test/ajxLgLMolQ0dFua8
https://app.testim.io/#/project/yUHggaUM53fuXM0PejOu/branch/master/automate/test/mtJxcptsFfHSLSzD
https://app.testim.io/#/project/yUHggaUM53fuXM0PejOu/branch/master/automate/test/h1pDolzRJlbQOeMb
https://app.testim.io/#/project/yUHggaUM53fuXM0PejOu/branch/master/automate/test/LxW6mxVCpAaDMH6E
https://app.testim.io/#/project/yUHggaUM53fuXM0PejOu/branch/master/automate/test/UIkIX9LoRi2IPWJd
https://app.testim.io/#/project/yUHggaUM53fuXM0PejOu/branch/master/automate/test/nX81ZOrJNqK1WW71
https://app.testim.io/#/project/yUHggaUM53fuXM0PejOu/branch/master/automate/test/h5DIXxoupb9ZLYfS
https://app.testim.io/#/project/yUHggaUM53fuXM0PejOu/branch/master/automate/test/bT1ds76k4b69JePw
https://app.testim.io/#/project/yUHggaUM53fuXM0PejOu/branch/master/automate/test/1oPyhM1fG4oxiHcU
https://app.testim.io/#/project/yUHggaUM53fuXM0PejOu/branch/master/automate/test/LHMlSLiAmjRYwBMt
https://app.testim.io/#/project/yUHggaUM53fuXM0PejOu/branch/master/automate/test/9zhdxyUGftV7vDU0
https://app.testim.io/#/project/yUHggaUM53fuXM0PejOu/branch/master/automate/test/seu0QNnnqlKzWRF7
https://app.testim.io/#/project/yUHggaUM53fuXM0PejOu/branch/master/automate/test/xpT2rmEWPgJoPidQ
https://app.testim.io/#/project/yUHggaUM53fuXM0PejOu/branch/master/automate/test/JiSpcHJey3bigNfB
https://app.testim.io/#/project/yUHggaUM53fuXM0PejOu/branch/master/automate/test/erffo6lWijCu3o0e
https://app.testim.io/#/project/yUHggaUM53fuXM0PejOu/branch/master/automate/test/sN45UC8DH2R2d530
https://app.testim.io/#/project/yUHggaUM53fuXM0PejOu/branch/master/automate/test/XeYpJtrhS66n0yaq
https://app.testim.io/#/project/yUHggaUM53fuXM0PejOu/branch/master/automate/test/KItTxuJSIg3z1yRr
https://app.testim.io/#/project/yUHggaUM53fuXM0PejOu/branch/master/automate/test/cweNaFBOraX4y6Sq
https://app.testim.io/#/project/yUHggaUM53fuXM0PejOu/branch/master/automate/test/wZr8DKDXC0sDYJlY
https://app.testim.io/#/project/yUHggaUM53fuXM0PejOu/branch/master/automate/test/2XGFCwkizsUaA22v
https://app.testim.io/#/project/yUHggaUM53fuXM0PejOu/branch/master/automate/test/fbZzWuaKQLHyGZ8d
https://app.testim.io/#/project/yUHggaUM53fuXM0PejOu/branch/master/automate/test/CVfdrOgwGKimTiv9
https://app.testim.io/#/project/yUHggaUM53fuXM0PejOu/branch/master/automate/test/8AQZs60DjfCCMGRp
https://app.testim.io/#/project/yUHggaUM53fuXM0PejOu/branch/master/automate/test/LajWHeWz4w0D7o4o
https://app.testim.io/#/project/yUHggaUM53fuXM0PejOu/branch/master/automate/test/7vEF1ezi9w3rvnhn
https://app.testim.io/#/project/yUHggaUM53fuXM0PejOu/branch/master/automate/test/tHxgEZZybd3rUCv4
https://app.testim.io/#/project/yUHggaUM53fuXM0PejOu/branch/master/automate/test/6ViBVzli8DRj8OE7
https://app.testim.io/#/project/yUHggaUM53fuXM0PejOu/branch/master/automate/test/VkXqNt2K3I6A5N4g
https://app.testim.io/#/project/yUHggaUM53fuXM0PejOu/branch/master/automate/test/M9lWcB1ots9yOvbT
https://app.testim.io/#/project/yUHggaUM53fuXM0PejOu/branch/master/automate/test/A1444noeUuWWZgbC
https://app.testim.io/#/project/yUHggaUM53fuXM0PejOu/branch/master/automate/test/aZ5KZ3dYEzMmsJMU
https://app.testim.io/#/project/yUHggaUM53fuXM0PejOu/branch/master/automate/test/c0iczJ0WNTvJq4eJ
https://app.testim.io/#/project/yUHggaUM53fuXM0PejOu/branch/master/automate/test/ZjbMyZC447YTpSJS
https://app.testim.io/#/project/yUHggaUM53fuXM0PejOu/branch/master/automate/test/Tf3apGIaPVvL62BA
https://app.testim.io/#/project/yUHggaUM53fuXM0PejOu/branch/master/automate/test/04ozuYXyHO92IgBf
https://app.testim.io/#/project/yUHggaUM53fuXM0PejOu/branch/master/automate/test/EgSQC7xIOBz3iRLo
https://app.testim.io/#/project/yUHggaUM53fuXM0PejOu/branch/master/automate/test/lsG9dnAKSJV6rGwj
https://app.testim.io/#/project/yUHggaUM53fuXM0PejOu/branch/master/automate/test/DaS7hZUZ5sncWVKh
https://app.testim.io/#/project/yUHggaUM53fuXM0PejOu/branch/master/automate/test/HnIdSgGOJ2dEhsI0
https://app.testim.io/#/project/yUHggaUM53fuXM0PejOu/branch/master/automate/test/kM1IfuWTJL9VXm0O
https://app.testim.io/#/project/yUHggaUM53fuXM0PejOu/branch/master/automate/test/V9Sz6sxeycz8pOoQ
https://app.testim.io/#/project/yUHggaUM53fuXM0PejOu/branch/master/automate/test/hUuszlZoNvX7bP8j
https://app.testim.io/#/project/yUHggaUM53fuXM0PejOu/branch/master/automate/test/F1gVH4U1yIbAuZZY
https://app.testim.io/#/project/yUHggaUM53fuXM0PejOu/branch/master/automate/test/H6ULlCfcKIQ9SMBW
https://app.testim.io/#/project/yUHggaUM53fuXM0PejOu/branch/master/automate/test/nGia94bJkN9yT7GC
https://app.testim.io/#/project/yUHggaUM53fuXM0PejOu/branch/master/automate/test/GO5EF6m7USBbt94q
https://app.testim.io/#/project/yUHggaUM53fuXM0PejOu/branch/master/automate/test/GKigL4KLImVRvEbK
https://app.testim.io/#/project/yUHggaUM53fuXM0PejOu/branch/master/automate/test/Jiu8V8dlXxnHgl6m
https://app.testim.io/#/project/yUHggaUM53fuXM0PejOu/branch/master/automate/test/8HCdAUh2HRy22rVE
https://app.testim.io/#/project/yUHggaUM53fuXM0PejOu/branch/master/automate/test/7qaiwaulnYYYs9NF
https://app.testim.io/#/project/yUHggaUM53fuXM0PejOu/branch/master/automate/test/eYIT6ZNT5C8h6biD
https://app.testim.io/#/project/yUHggaUM53fuXM0PejOu/branch/master/automate/test/rZiaHCp3VXRj0IIf
https://app.testim.io/#/project/yUHggaUM53fuXM0PejOu/branch/master/automate/test/vq7pgWozmD31QzOU
https://app.testim.io/#/project/yUHggaUM53fuXM0PejOu/branch/master/automate/test/DfirRleSZ5smTdYS
https://app.testim.io/#/project/yUHggaUM53fuXM0PejOu/branch/master/automate/test/VD3BcgdnAMHE3ZbT
https://app.testim.io/#/project/yUHggaUM53fuXM0PejOu/branch/master/automate/test/cKGRqupBLbbrXCUq
https://app.testim.io/#/project/yUHggaUM53fuXM0PejOu/branch/master/automate/test/5ZELcFapQORTzJdF
https://app.testim.io/#/project/yUHggaUM53fuXM0PejOu/branch/master/automate/test/kMtR29jfNCZjSxME
https://app.testim.io/#/project/yUHggaUM53fuXM0PejOu/branch/master/automate/test/rRyQYQ75v3Ckt2CF
https://app.testim.io/#/project/yUHggaUM53fuXM0PejOu/branch/master/automate/test/MvTTX0Gb89LBM5ag
https://app.testim.io/#/project/yUHggaUM53fuXM0PejOu/branch/master/automate/test/cNkcpv3OJDjoGpi5
https://app.testim.io/#/project/yUHggaUM53fuXM0PejOu/branch/master/automate/test/skLe7RjlyOSsKZDV
https://app.testim.io/#/project/yUHggaUM53fuXM0PejOu/branch/master/automate/test/HZ3qhwzH2uHk80HJ
https://app.testim.io/#/project/yUHggaUM53fuXM0PejOu/branch/master/automate/test/vOluKew9pOVe9KB0
https://app.testim.io/#/project/yUHggaUM53fuXM0PejOu/branch/master/automate/test/B54k9cjdFbeelx1F
https://app.testim.io/#/project/yUHggaUM53fuXM0PejOu/branch/master/automate/test/j49ao9g9wUpvEV15
https://app.testim.io/#/project/yUHggaUM53fuXM0PejOu/branch/master/automate/test/JBHJ5qPG92QOBhro
https://app.testim.io/#/project/yUHggaUM53fuXM0PejOu/branch/master/automate/test/JIJt7HawQ3Zmr0Ml
https://app.testim.io/#/project/yUHggaUM53fuXM0PejOu/branch/master/automate/test/vmYcdFhFazgrc4UR
https://app.testim.io/#/project/yUHggaUM53fuXM0PejOu/branch/master/automate/test/wazBKqsEGc3AJHaT
https://app.testim.io/#/project/yUHggaUM53fuXM0PejOu/branch/master/automate/test/h1ciXXGE4meeINFq
https://app.testim.io/#/project/yUHggaUM53fuXM0PejOu/branch/master/automate/test/m9yJhDO7jEi3Q0Q0
https://app.testim.io/#/project/yUHggaUM53fuXM0PejOu/branch/master/automate/test/GdEz5H3HauZXm3Ym
https://app.testim.io/#/project/yUHggaUM53fuXM0PejOu/branch/master/automate/test/zA5ndOdebjJfhMXS
https://app.testim.io/#/project/yUHggaUM53fuXM0PejOu/branch/master/automate/test/etZiBCiQFc3FgqZ4
https://app.testim.io/#/project/yUHggaUM53fuXM0PejOu/branch/master/automate/test/adeBAaOYfaZjlNx2
https://app.testim.io/#/project/yUHggaUM53fuXM0PejOu/branch/master/automate/test/Ou0CEUk6GmUelUWx
https://app.testim.io/#/project/yUHggaUM53fuXM0PejOu/branch/master/automate/test/eSahe2lNhw9j8Tkk
https://app.testim.io/#/project/yUHggaUM53fuXM0PejOu/branch/master/automate/test/r7b4cI6mhpTmPj9K
https://app.testim.io/#/project/yUHggaUM53fuXM0PejOu/branch/master/automate/test/nmjGplCQ8hxoieme
https://app.testim.io/#/project/yUHggaUM53fuXM0PejOu/branch/master/automate/test/EeZMYlV5mHHhVCOT
https://app.testim.io/#/project/yUHggaUM53fuXM0PejOu/branch/master/automate/test/cxt0b5vbnQpi6kAu
https://app.testim.io/#/project/yUHggaUM53fuXM0PejOu/branch/master/automate/test/5DHm8Dd6V0xhFg5u
https://app.testim.io/#/project/yUHggaUM53fuXM0PejOu/branch/master/automate/test/WvCZ1ejlly0i7iD7
https://app.testim.io/#/project/yUHggaUM53fuXM0PejOu/branch/master/automate/test/TARHzmJSgkViTQDL
https://app.testim.io/#/project/yUHggaUM53fuXM0PejOu/branch/master/automate/test/BLACZPRP1paBPj7M
https://app.testim.io/#/project/yUHggaUM53fuXM0PejOu/branch/master/automate/test/OqKI5f3Z6GrsBy6S
https://app.testim.io/#/project/yUHggaUM53fuXM0PejOu/branch/master/automate/test/KRaOaOVrvDwKa8xV
https://app.testim.io/#/project/yUHggaUM53fuXM0PejOu/branch/master/automate/test/5xqIFFPui6cuDPaz
https://app.testim.io/#/project/yUHggaUM53fuXM0PejOu/branch/master/automate/test/U302i7u0tPesjczH
https://app.testim.io/#/project/yUHggaUM53fuXM0PejOu/branch/master/automate/test/esU3Oc7ihh6xdt8y
https://app.testim.io/#/project/yUHggaUM53fuXM0PejOu/branch/master/automate/test/pBEXhNdAxl4zQITW
https://app.testim.io/#/project/yUHggaUM53fuXM0PejOu/branch/master/automate/test/F0JXka6ZAWuy6AWe
https://app.testim.io/#/project/yUHggaUM53fuXM0PejOu/branch/master/automate/test/xDP7wAyO5WYsUN8c
https://app.testim.io/#/project/yUHggaUM53fuXM0PejOu/branch/master/automate/test/FTSQ2PUjAQYceJVc
https://app.testim.io/#/project/yUHggaUM53fuXM0PejOu/branch/master/automate/test/Dty5qQ9foxmcFHoI
https://app.testim.io/#/project/yUHggaUM53fuXM0PejOu/branch/master/automate/test/vfYeWTtoRamD8n0e
https://app.testim.io/#/project/yUHggaUM53fuXM0PejOu/branch/master/automate/test/Ablh2ae8Li1haYUx
https://app.testim.io/#/project/yUHggaUM53fuXM0PejOu/branch/master/automate/test/qjhgKosh6r4nItKy
https://app.testim.io/#/project/yUHggaUM53fuXM0PejOu/branch/master/automate/test/V02mPKYtOzahTEMo
https://app.testim.io/#/project/yUHggaUM53fuXM0PejOu/branch/master/automate/test/yM4cLbUFISALbqde
https://app.testim.io/#/project/yUHggaUM53fuXM0PejOu/branch/master/automate/test/DlYjncfR30QLK5y5
https://app.testim.io/#/project/yUHggaUM53fuXM0PejOu/branch/master/automate/test/U36LN2BQ6tKMquZm
https://app.testim.io/#/project/yUHggaUM53fuXM0PejOu/branch/master/automate/test/Ns28QBOUewwnUpJA
https://app.testim.io/#/project/yUHggaUM53fuXM0PejOu/branch/master/automate/test/YdPFIOVzyuRD0zlM
https://app.testim.io/#/project/yUHggaUM53fuXM0PejOu/branch/master/automate/test/O7O4L5KniUTaaZ3K
https://app.testim.io/#/project/yUHggaUM53fuXM0PejOu/branch/master/automate/test/GvyvuL231U6eap8U
https://app.testim.io/#/project/yUHggaUM53fuXM0PejOu/branch/master/automate/test/OOlu1AJdMYyhOM9V
https://app.testim.io/#/project/yUHggaUM53fuXM0PejOu/branch/master/automate/test/THYIpmRSp4fpzWbD
https://app.testim.io/#/project/yUHggaUM53fuXM0PejOu/branch/master/automate/test/ey34QvxL2JN6UOAL
https://app.testim.io/#/project/yUHggaUM53fuXM0PejOu/branch/master/automate/test/487Mh29mxxoeQwAC
https://app.testim.io/#/project/yUHggaUM53fuXM0PejOu/branch/master/automate/test/UxiUml8jRzux5OQS
https://app.testim.io/#/project/yUHggaUM53fuXM0PejOu/branch/master/automate/test/sAiq94bPRCoDTD20
https://app.testim.io/#/project/yUHggaUM53fuXM0PejOu/branch/master/automate/test/UNakHM2OGDacboxq
https://app.testim.io/#/project/yUHggaUM53fuXM0PejOu/branch/master/automate/test/KjkMXidnnVilGRYB
https://app.testim.io/#/project/yUHggaUM53fuXM0PejOu/branch/master/automate/test/TKGHmrds6DLbH73Y
https://app.testim.io/#/project/yUHggaUM53fuXM0PejOu/branch/master/automate/test/YJCEaLoAUV5J544l
https://app.testim.io/#/project/yUHggaUM53fuXM0PejOu/branch/master/automate/test/lnldXoQgAbec19xP
https://app.testim.io/#/project/yUHggaUM53fuXM0PejOu/branch/master/automate/test/m3QH4fk1t8zsVGcY
https://app.testim.io/#/project/yUHggaUM53fuXM0PejOu/branch/master/automate/test/tKtrxWKC29V3DHPN
https://app.testim.io/#/project/yUHggaUM53fuXM0PejOu/branch/master/automate/test/e4bqx2UYHsCjKWQk
https://app.testim.io/#/project/yUHggaUM53fuXM0PejOu/branch/master/automate/test/YP4yJHI3sBoNUC5t
https://app.testim.io/#/project/yUHggaUM53fuXM0PejOu/branch/master/automate/test/EalUTU7SMueGP48e
https://app.testim.io/#/project/yUHggaUM53fuXM0PejOu/branch/master/automate/test/tFRUFZ2Lt4jZzm8c
https://app.testim.io/#/project/yUHggaUM53fuXM0PejOu/branch/master/automate/test/PPqXczkHuBew9MEA
https://app.testim.io/#/project/yUHggaUM53fuXM0PejOu/branch/master/automate/test/4adCtRvhc6ZRSLIo
https://app.testim.io/#/project/yUHggaUM53fuXM0PejOu/branch/master/automate/test/Sbo6PwJyCoyZvyiL
https://app.testim.io/#/project/yUHggaUM53fuXM0PejOu/branch/master/automate/test/mngv3GRIj2WBUMyj
https://app.testim.io/#/project/yUHggaUM53fuXM0PejOu/branch/master/automate/test/RdTUGXBHHkLUfULq
https://app.testim.io/#/project/yUHggaUM53fuXM0PejOu/branch/master/automate/test/eY5iY0QoldB77qG3
https://app.testim.io/#/project/yUHggaUM53fuXM0PejOu/branch/master/automate/test/aFEmj8No4FRZt45x
https://app.testim.io/#/project/yUHggaUM53fuXM0PejOu/branch/master/automate/test/GsWjiIxnILa0hGTA
https://app.testim.io/#/project/yUHggaUM53fuXM0PejOu/branch/master/automate/test/YudRPQTOMD7J3H9H
https://app.testim.io/#/project/yUHggaUM53fuXM0PejOu/branch/master/automate/test/rx4LuzjK7Fo6RF9H
https://app.testim.io/#/project/yUHggaUM53fuXM0PejOu/branch/master/automate/test/APK75UnI5WZMrjIR
https://app.testim.io/#/project/yUHggaUM53fuXM0PejOu/branch/master/automate/test/rDuoZi2kqdqdnLlt
https://app.testim.io/#/project/yUHggaUM53fuXM0PejOu/branch/master/automate/test/GM4Y0kFFUl8qrVeT
https://app.testim.io/#/project/yUHggaUM53fuXM0PejOu/branch/master/automate/test/11GTBWL0kDzX6e3z
https://app.testim.io/#/project/yUHggaUM53fuXM0PejOu/branch/master/automate/test/kryy0GLBTvTBSDm0
https://app.testim.io/#/project/yUHggaUM53fuXM0PejOu/branch/master/automate/test/lDQkcY7Dn2Gi1pGx
https://app.testim.io/#/project/yUHggaUM53fuXM0PejOu/branch/master/automate/test/qw3BFwLlpIQlCVrZ
https://app.testim.io/#/project/yUHggaUM53fuXM0PejOu/branch/master/automate/test/iNqsrH109a3t4wzM
https://app.testim.io/#/project/yUHggaUM53fuXM0PejOu/branch/master/automate/test/YSgnxXzYp8cPQ0xj
https://app.testim.io/#/project/yUHggaUM53fuXM0PejOu/branch/master/automate/test/qzX6E3vXlKsbUqTg
https://app.testim.io/#/project/yUHggaUM53fuXM0PejOu/branch/master/automate/test/SUhWPufXX4wImnPR
https://app.testim.io/#/project/yUHggaUM53fuXM0PejOu/branch/master/automate/test/xl8g25ptrzED0EAA
https://app.testim.io/#/project/yUHggaUM53fuXM0PejOu/branch/master/automate/test/rDdqcVfmoZvtOvZd
https://app.testim.io/#/project/yUHggaUM53fuXM0PejOu/branch/master/automate/test/t5AcLj6qtuBpjP8z
https://app.testim.io/#/project/yUHggaUM53fuXM0PejOu/branch/master/automate/test/Zi3pNOXxB1DaTgxi
https://app.testim.io/#/project/yUHggaUM53fuXM0PejOu/branch/master/automate/test/7PpInenrLyeEqAjY
https://app.testim.io/#/project/yUHggaUM53fuXM0PejOu/branch/master/automate/test/rx19cLcgWu9s0VOf
https://app.testim.io/#/project/yUHggaUM53fuXM0PejOu/branch/master/automate/test/t0nwFGr9A8Z7Ue7Y
https://app.testim.io/#/project/yUHggaUM53fuXM0PejOu/branch/master/automate/test/1YcUqtVeL6MLblx5
https://app.testim.io/#/project/yUHggaUM53fuXM0PejOu/branch/master/automate/test/8QjH3lK5fqcDq8jV
https://app.testim.io/#/project/yUHggaUM53fuXM0PejOu/branch/master/automate/test/a7fyWSp9D2cjJGYV
https://app.testim.io/#/project/yUHggaUM53fuXM0PejOu/branch/master/automate/test/fExG72quCNM38mJe
https://app.testim.io/#/project/yUHggaUM53fuXM0PejOu/branch/master/automate/test/Y8Mxd7nntxuthjrY
https://app.testim.io/#/project/yUHggaUM53fuXM0PejOu/branch/master/automate/test/kzofyGF9IZVvQ3cX
https://app.testim.io/#/project/yUHggaUM53fuXM0PejOu/branch/master/automate/test/xhP1cg6IVNFNegsg
https://app.testim.io/#/project/yUHggaUM53fuXM0PejOu/branch/master/automate/test/xScdkNGgptp0j52t
https://app.testim.io/#/project/yUHggaUM53fuXM0PejOu/branch/master/automate/test/sGBVXsa9H9eRGKAc
https://app.testim.io/#/project/yUHggaUM53fuXM0PejOu/branch/master/automate/test/FbOHRe4YF94rsKuw
https://app.testim.io/#/project/yUHggaUM53fuXM0PejOu/branch/master/automate/test/wFLj3ssCypaTZk06
https://app.testim.io/#/project/yUHggaUM53fuXM0PejOu/branch/master/automate/test/HPr5aKqKyLRgbpCB
https://app.testim.io/#/project/yUHggaUM53fuXM0PejOu/branch/master/automate/test/HwxuNTOVPJXJlsSt
https://app.testim.io/#/project/yUHggaUM53fuXM0PejOu/branch/master/automate/test/Iq4vPYaACGnH5nRI
https://app.testim.io/#/project/yUHggaUM53fuXM0PejOu/branch/master/automate/test/Enb6Io53BP6Y1Maw
https://app.testim.io/#/project/yUHggaUM53fuXM0PejOu/branch/master/automate/test/splJ63D4uZQtrchI
https://app.testim.io/#/project/yUHggaUM53fuXM0PejOu/branch/master/automate/test/WYL6NHfUthUlWohB
https://app.testim.io/#/project/yUHggaUM53fuXM0PejOu/branch/master/automate/test/epprHZeFKFWxcDWC
https://app.testim.io/#/project/yUHggaUM53fuXM0PejOu/branch/master/automate/test/Zc4nkzsHMqzgZpZj
https://app.testim.io/#/project/yUHggaUM53fuXM0PejOu/branch/master/automate/test/5HZQ0XjMgggZt0G8
https://app.testim.io/#/project/yUHggaUM53fuXM0PejOu/branch/master/automate/test/zbgIv4v3MsUjOylR
https://app.testim.io/#/project/yUHggaUM53fuXM0PejOu/branch/master/automate/test/0L1Ihjdy43SYnAL1
https://app.testim.io/#/project/yUHggaUM53fuXM0PejOu/branch/master/automate/test/04yTLPgNa7RQzzqN
https://app.testim.io/#/project/yUHggaUM53fuXM0PejOu/branch/master/automate/test/uEno19o8e2kYtLZz
https://app.testim.io/#/project/yUHggaUM53fuXM0PejOu/branch/master/automate/test/0nfYIbpUZt0BVGMx
https://app.testim.io/#/project/yUHggaUM53fuXM0PejOu/branch/master/automate/test/4O4LVRm4gLiY6pHF
https://app.testim.io/#/project/yUHggaUM53fuXM0PejOu/branch/master/automate/test/1u6iLzWlG3MSjFPo
https://app.testim.io/#/project/yUHggaUM53fuXM0PejOu/branch/master/automate/test/mrVjnKXojrQfgUFX
https://app.testim.io/#/project/yUHggaUM53fuXM0PejOu/branch/master/automate/test/ojJwX2kutxMlXfKK
https://app.testim.io/#/project/yUHggaUM53fuXM0PejOu/branch/master/automate/test/5UNiaqRfPrBEqR0A
https://app.testim.io/#/project/yUHggaUM53fuXM0PejOu/branch/master/automate/test/LHXpe2E1CzIybSTJ
https://app.testim.io/#/project/yUHggaUM53fuXM0PejOu/branch/master/automate/test/WfLdEd0eYz7h4nC7
https://app.testim.io/#/project/yUHggaUM53fuXM0PejOu/branch/master/automate/test/9eKdrYQ6R33n7Enb
https://app.testim.io/#/project/yUHggaUM53fuXM0PejOu/branch/master/automate/test/SJJ0yAvk8gbJeGP9
https://app.testim.io/#/project/yUHggaUM53fuXM0PejOu/branch/master/automate/test/3zHazRbog7kXwKFk
https://app.testim.io/#/project/yUHggaUM53fuXM0PejOu/branch/master/automate/test/RyWcMDO091u8IptE
https://app.testim.io/#/project/yUHggaUM53fuXM0PejOu/branch/master/automate/test/FRiz4cWsZi3K2PQl
https://app.testim.io/#/project/yUHggaUM53fuXM0PejOu/branch/master/automate/test/wfSMTzNIc2Pkd2HN
https://app.testim.io/#/project/yUHggaUM53fuXM0PejOu/branch/master/automate/test/IdsIFBY3gfTNEJEL
https://app.testim.io/#/project/yUHggaUM53fuXM0PejOu/branch/master/automate/test/hhDPsVseunWXtviZ
https://app.testim.io/#/project/yUHggaUM53fuXM0PejOu/branch/master/automate/test/jvUegfUHMXTr6DEI
https://app.testim.io/#/project/yUHggaUM53fuXM0PejOu/branch/master/automate/test/NKgozvtxcLhougef
https://app.testim.io/#/project/yUHggaUM53fuXM0PejOu/branch/master/automate/test/zEMRSycChw9EMPzq
https://app.testim.io/#/project/yUHggaUM53fuXM0PejOu/branch/master/automate/test/J3nX81Fc38k5iZjd
https://app.testim.io/#/project/yUHggaUM53fuXM0PejOu/branch/master/automate/test/7QN93MshBp30aqVG
https://app.testim.io/#/project/yUHggaUM53fuXM0PejOu/branch/master/automate/test/neNt4O06k4cL55fQ
https://app.testim.io/#/project/yUHggaUM53fuXM0PejOu/branch/master/automate/test/9Ff7luDw3LTvdLSK
https://app.testim.io/#/project/yUHggaUM53fuXM0PejOu/branch/master/automate/test/Nufod1a4a7BARHnD
https://app.testim.io/#/project/yUHggaUM53fuXM0PejOu/branch/master/automate/test/a5w3VbtLaqgnAoyv
https://app.testim.io/#/project/yUHggaUM53fuXM0PejOu/branch/master/automate/test/5vEkCaZzmNdBVzsf
https://app.testim.io/#/project/yUHggaUM53fuXM0PejOu/branch/master/automate/test/vRNHKtpEZCQKQ6O6
https://app.testim.io/#/project/yUHggaUM53fuXM0PejOu/branch/master/automate/test/1qNMMZENCtmP1Hkj
https://app.testim.io/#/project/yUHggaUM53fuXM0PejOu/branch/master/automate/test/ZrvlJSU7AgUCLtgw
https://app.testim.io/#/project/yUHggaUM53fuXM0PejOu/branch/master/automate/test/PIfIZVTZN49DsnPG
https://app.testim.io/#/project/yUHggaUM53fuXM0PejOu/branch/master/automate/test/Zz1tDCUKo2DI7stD
https://app.testim.io/#/project/yUHggaUM53fuXM0PejOu/branch/master/automate/test/N8QkdrgMJP9ab1MX
https://app.testim.io/#/project/yUHggaUM53fuXM0PejOu/branch/master/automate/test/3ZKvNjmmG0nyxvC5
https://app.testim.io/#/project/yUHggaUM53fuXM0PejOu/branch/master/automate/test/qUmV9cJ4jnfeGnrf
https://app.testim.io/#/project/yUHggaUM53fuXM0PejOu/branch/master/automate/test/difNZKyqd6CALrM5
https://app.testim.io/#/project/yUHggaUM53fuXM0PejOu/branch/master/automate/test/kiFK8rFjS4UeoGnV
https://app.testim.io/#/project/yUHggaUM53fuXM0PejOu/branch/master/automate/test/j0MfB4d3EGDiImCe
https://app.testim.io/#/project/yUHggaUM53fuXM0PejOu/branch/master/automate/test/z3jLDKBp5UYJxmdJ
https://app.testim.io/#/project/yUHggaUM53fuXM0PejOu/branch/master/automate/test/AC693DNkrr1n8vas
https://app.testim.io/#/project/yUHggaUM53fuXM0PejOu/branch/master/automate/test/A3MnmtP1qY1mCgZo
https://app.testim.io/#/project/yUHggaUM53fuXM0PejOu/branch/master/automate/test/CJnj0amO8qxeHyBH
https://app.testim.io/#/project/yUHggaUM53fuXM0PejOu/branch/master/automate/test/7t3QpyXPg1RTDfVG
https://app.testim.io/#/project/yUHggaUM53fuXM0PejOu/branch/master/automate/test/7zdhXKBjFLylXO03
https://app.testim.io/#/project/yUHggaUM53fuXM0PejOu/branch/master/automate/test/YNgUrJYyAbuM2sYE
https://app.testim.io/#/project/yUHggaUM53fuXM0PejOu/branch/master/automate/test/DwtH4nKaq9zekQDW
https://app.testim.io/#/project/yUHggaUM53fuXM0PejOu/branch/master/automate/test/kR15e8UCFAlTxITz
https://app.testim.io/#/project/yUHggaUM53fuXM0PejOu/branch/master/automate/test/PU3WHxrAL1QkRJ0I
https://app.testim.io/#/project/yUHggaUM53fuXM0PejOu/branch/master/automate/test/AE2QekJ6ZmjLauOB
https://app.testim.io/#/project/yUHggaUM53fuXM0PejOu/branch/master/automate/test/RMoOPyDLHD22f4NV
https://app.testim.io/#/project/yUHggaUM53fuXM0PejOu/branch/master/automate/test/j2gSsv1LoYRcLzsy
https://app.testim.io/#/project/yUHggaUM53fuXM0PejOu/branch/master/automate/test/SkkoYzkU2y8PVLTH
https://app.testim.io/#/project/yUHggaUM53fuXM0PejOu/branch/master/automate/test/vjerVmF00bvlLiLe
https://app.testim.io/#/project/yUHggaUM53fuXM0PejOu/branch/master/automate/test/Cmy8ZMQZoaPUCqfM
https://app.testim.io/#/project/yUHggaUM53fuXM0PejOu/branch/master/automate/test/tCQrslRc4yIlo36L
https://app.testim.io/#/project/yUHggaUM53fuXM0PejOu/branch/master/automate/test/JMMMjMKQEArJyv5R
https://app.testim.io/#/project/yUHggaUM53fuXM0PejOu/branch/master/automate/test/2DZnvJdDLphmoHI6
https://app.testim.io/#/project/yUHggaUM53fuXM0PejOu/branch/master/automate/test/TAxglW6MVQcjgMuN
https://app.testim.io/#/project/yUHggaUM53fuXM0PejOu/branch/master/automate/test/vZA6ChzXUwGkxUPy
https://app.testim.io/#/project/yUHggaUM53fuXM0PejOu/branch/master/automate/test/X5vnPgNlMFrEdePm
https://app.testim.io/#/project/yUHggaUM53fuXM0PejOu/branch/master/automate/test/CK0tySbJSDL9KWEl
https://app.testim.io/#/project/yUHggaUM53fuXM0PejOu/branch/master/automate/test/6bALzF7ylj02qR7Z
https://app.testim.io/#/project/yUHggaUM53fuXM0PejOu/branch/master/automate/test/s8nCqwuQaHZXXZM5
https://app.testim.io/#/project/yUHggaUM53fuXM0PejOu/branch/master/automate/test/5EbTn2iYAfSw61dm
https://app.testim.io/#/project/yUHggaUM53fuXM0PejOu/branch/master/automate/test/FfWzI2onFN9QsK4z
https://app.testim.io/#/project/yUHggaUM53fuXM0PejOu/branch/master/automate/test/LPlbNPZ2eJARzW7p
https://app.testim.io/#/project/yUHggaUM53fuXM0PejOu/branch/master/automate/test/Qqu2Mv60vbKnLhuH
https://app.testim.io/#/project/yUHggaUM53fuXM0PejOu/branch/master/automate/test/J1MhFvQEEWlpwKne
https://app.testim.io/#/project/yUHggaUM53fuXM0PejOu/branch/master/automate/test/rgN5c4jZwBbdOnoI
https://app.testim.io/#/project/yUHggaUM53fuXM0PejOu/branch/master/automate/test/b8Sh48LMX9cHqtes
https://app.testim.io/#/project/yUHggaUM53fuXM0PejOu/branch/master/automate/test/GehUiwlNqBMBVSFq
https://app.testim.io/#/project/yUHggaUM53fuXM0PejOu/branch/master/automate/test/T0yQfLg8h2tvQtN1
https://app.testim.io/#/project/yUHggaUM53fuXM0PejOu/branch/master/automate/test/9NW5Jy27AXo9Fad7
https://app.testim.io/#/project/yUHggaUM53fuXM0PejOu/branch/master/automate/test/S7CMVUWKWNgBtlhA
https://app.testim.io/#/project/yUHggaUM53fuXM0PejOu/branch/master/automate/test/irZZc9zmhHIYz5I8
https://app.testim.io/#/project/yUHggaUM53fuXM0PejOu/branch/master/automate/test/xDlK4YPnZL8YOSUQ
https://app.testim.io/#/project/yUHggaUM53fuXM0PejOu/branch/master/automate/test/OiOAbJgXefSePZfE
https://app.testim.io/#/project/yUHggaUM53fuXM0PejOu/branch/master/automate/test/WCn7Np238xEsiwjQ
https://app.testim.io/#/project/yUHggaUM53fuXM0PejOu/branch/master/automate/test/LIvjbHOAJwXlsHsN
https://app.testim.io/#/project/yUHggaUM53fuXM0PejOu/branch/master/automate/test/5FZSCedwcmr6rj8G
https://app.testim.io/#/project/yUHggaUM53fuXM0PejOu/branch/master/automate/test/sylaSuG904BrC88Y
https://app.testim.io/#/project/yUHggaUM53fuXM0PejOu/branch/master/automate/test/SzfGdgPTIQ2ZSMIZ
https://app.testim.io/#/project/yUHggaUM53fuXM0PejOu/branch/master/automate/test/UVp6ZS0sB5HxRwBU
https://app.testim.io/#/project/yUHggaUM53fuXM0PejOu/branch/master/automate/test/9bIwllxFUWre2o2m
https://app.testim.io/#/project/yUHggaUM53fuXM0PejOu/branch/master/automate/test/MAcLhQR9epZTpMxm
https://app.testim.io/#/project/yUHggaUM53fuXM0PejOu/branch/master/automate/test/FkHbGh1lc4lP0WrK
https://app.testim.io/#/project/yUHggaUM53fuXM0PejOu/branch/master/automate/test/QhUzPuMf98OM2mO1
https://app.testim.io/#/project/yUHggaUM53fuXM0PejOu/branch/master/automate/test/2SBh5rKvHyTVAxQL
https://app.testim.io/#/project/yUHggaUM53fuXM0PejOu/branch/master/automate/test/ct1qPTqgUzbfdLwa
https://app.testim.io/#/project/yUHggaUM53fuXM0PejOu/branch/master/automate/test/O4e28MVnTxUXYbr7
https://app.testim.io/#/project/yUHggaUM53fuXM0PejOu/branch/master/automate/test/h9ES0DGh7CEdwCOX
https://app.testim.io/#/project/yUHggaUM53fuXM0PejOu/branch/master/automate/test/wF4znv89ft26Skum
https://app.testim.io/#/project/yUHggaUM53fuXM0PejOu/branch/master/automate/test/HKvflMvqWjnq97F4
https://app.testim.io/#/project/yUHggaUM53fuXM0PejOu/branch/master/automate/test/uDrlldGC672eWDVN
https://app.testim.io/#/project/yUHggaUM53fuXM0PejOu/branch/master/automate/test/jPWQPItNW8rv5VRQ
https://app.testim.io/#/project/yUHggaUM53fuXM0PejOu/branch/master/automate/test/fHp5Xf3Zq5O5s15V
https://app.testim.io/#/project/yUHggaUM53fuXM0PejOu/branch/master/automate/test/2lS0SEw79DaGwRVE
https://app.testim.io/#/project/yUHggaUM53fuXM0PejOu/branch/master/automate/test/IdN8V78O9wcbr5lK
https://app.testim.io/#/project/yUHggaUM53fuXM0PejOu/branch/master/automate/test/iaxlISF8f9O16HpZ
https://app.testim.io/#/project/yUHggaUM53fuXM0PejOu/branch/master/automate/test/jugD8PnE5k8Ifjp1
https://app.testim.io/#/project/yUHggaUM53fuXM0PejOu/branch/master/automate/test/WXbL4iT6TLJ2sK4b
https://app.testim.io/#/project/yUHggaUM53fuXM0PejOu/branch/master/automate/test/8LAbO3haYLlPHtHt
https://app.testim.io/#/project/yUHggaUM53fuXM0PejOu/branch/master/automate/test/GY8TV2dGHztN7Z0X
https://app.testim.io/#/project/yUHggaUM53fuXM0PejOu/branch/master/automate/test/m3S123TQfdbX6c5C
https://app.testim.io/#/project/yUHggaUM53fuXM0PejOu/branch/master/automate/test/11RxkRRw6NacPg7q
https://app.testim.io/#/project/yUHggaUM53fuXM0PejOu/branch/master/automate/test/SO8r4NX44MJoCFD8
https://app.testim.io/#/project/yUHggaUM53fuXM0PejOu/branch/master/automate/test/WKRt123kmUcXhLE3
https://app.testim.io/#/project/yUHggaUM53fuXM0PejOu/branch/master/automate/test/RKmOq4zDam3QF9M1
https://app.testim.io/#/project/yUHggaUM53fuXM0PejOu/branch/master/automate/test/sfsM1mRIoHsXAlHT
https://app.testim.io/#/project/yUHggaUM53fuXM0PejOu/branch/master/automate/test/ftCo7xUm7HGruent
https://app.testim.io/#/project/yUHggaUM53fuXM0PejOu/branch/master/automate/test/OfNAPjzNsMO2Qm66
https://app.testim.io/#/project/yUHggaUM53fuXM0PejOu/branch/master/automate/test/Ib8lbAuHTgkOIqrx
https://app.testim.io/#/project/yUHggaUM53fuXM0PejOu/branch/master/automate/test/tw0Wjz7zaxHdQP5r
https://app.testim.io/#/project/yUHggaUM53fuXM0PejOu/branch/master/automate/test/HSUoXjlnz9y1DFex
https://app.testim.io/#/project/yUHggaUM53fuXM0PejOu/branch/master/automate/test/0EOk03L7nTcJMPhi
https://app.testim.io/#/project/yUHggaUM53fuXM0PejOu/branch/master/automate/test/77xPrtanEjr5HF9y
https://app.testim.io/#/project/yUHggaUM53fuXM0PejOu/branch/master/automate/test/jezuMrilv7eTW8u3
https://app.testim.io/#/project/yUHggaUM53fuXM0PejOu/branch/master/automate/test/Uo1IcDv9OHrYCz2o
https://app.testim.io/#/project/yUHggaUM53fuXM0PejOu/branch/master/automate/test/27Eqpq2vinozm64b
https://app.testim.io/#/project/yUHggaUM53fuXM0PejOu/branch/master/automate/test/tbgpoXuUuY1vYCTV
https://app.testim.io/#/project/yUHggaUM53fuXM0PejOu/branch/master/automate/test/vgg2Dp4QXnVx5wVg
https://app.testim.io/#/project/yUHggaUM53fuXM0PejOu/branch/master/automate/test/DN6KLXlzQKdhKfrC
https://app.testim.io/#/project/yUHggaUM53fuXM0PejOu/branch/master/automate/test/N2jYCozQTG5B8lkM
https://app.testim.io/#/project/yUHggaUM53fuXM0PejOu/branch/master/automate/test/NJOyxKTV6uCGReDJ
https://app.testim.io/#/project/yUHggaUM53fuXM0PejOu/branch/master/automate/test/o9a5Ta03gpvRWxek
https://app.testim.io/#/project/yUHggaUM53fuXM0PejOu/branch/master/automate/test/HM2ReD7UY5al1dl1
https://app.testim.io/#/project/yUHggaUM53fuXM0PejOu/branch/master/automate/test/QBCuFB6WgzCFSNcu
https://app.testim.io/#/project/yUHggaUM53fuXM0PejOu/branch/master/automate/test/AabxlNLzjORq2iOM
https://app.testim.io/#/project/yUHggaUM53fuXM0PejOu/branch/master/automate/test/awIOTcP9a06TgHZR
https://app.testim.io/#/project/yUHggaUM53fuXM0PejOu/branch/master/automate/test/sF8DNQHFEIGRbOrZ
https://app.testim.io/#/project/yUHggaUM53fuXM0PejOu/branch/master/automate/test/9BY1FGh4POEZ9DlU
https://app.testim.io/#/project/yUHggaUM53fuXM0PejOu/branch/master/automate/test/fUPOsJWv36GNySux
https://app.testim.io/#/project/yUHggaUM53fuXM0PejOu/branch/master/automate/test/aOyswgfpsoAKSDBR
https://app.testim.io/#/project/yUHggaUM53fuXM0PejOu/branch/master/automate/test/FD9JWMyI0PmMaKIe
https://app.testim.io/#/project/yUHggaUM53fuXM0PejOu/branch/master/automate/test/ldRTUWhg6pbnAnhJ
https://app.testim.io/#/project/yUHggaUM53fuXM0PejOu/branch/master/automate/test/ycpklwTcpoJ4HRRJ
